do run
loading script "jan_unknown120_60.py"
loading script "jan_pump_ms.py"
loading script "jan_co2.py"
loading script "jan_pump_extraction_line.py"
testing...
no interpolation path defined
executed snippet estimated_duration=197.4, duration=0.000333070755005
script duration name:unknown120_60 seconds:197.0
loading script "jan_unknown120_60.py"
loading script "jan_pump_ms.py"
loading script "jan_co2.py"
loading script "jan_pump_extraction_line.py"
testing...
no interpolation path defined
executed snippet estimated_duration=0, duration=2.09808349609e-05
loading script "jan_unknown120_60.py"
loading script "jan_pump_ms.py"
loading script "jan_co2.py"
loading script "jan_pump_extraction_line.py"
testing...
no interpolation path defined
calculate duration
testing...
no interpolation path defined
executed snippet estimated_duration=0, duration=4.6968460083e-05
calculate duration
testing...
no interpolation path defined
executed snippet estimated_duration=0, duration=8.58306884766e-05
executed snippet estimated_duration=0.0, duration=0.00195407867432
script duration name:co2 seconds:0.0
loading script "jan_unknown120_60.py"
loading script "jan_pump_ms.py"
loading script "jan_co2.py"
loading script "jan_pump_extraction_line.py"
testing...
no interpolation path defined
calculate duration
testing...
no interpolation path defined
executed snippet estimated_duration=4.0, duration=0.000134944915771
executed snippet estimated_duration=4.0, duration=0.0013530254364
Script duration 197.0
Run total estimated duration= 198.000
run duration: 0:03:18
doing event level: 2
16:25:03 -- Setting default integration. t=1.048576
setting integration time = 1.048576
SetIntegrationTime 1.048576 ===>> OK
----------------- start -----------------
**************** Experiment Type: Ar/Ar, Ar/Ar
create new session 4956329168
close session 4956329168
$$$$$ Clearing conditionals
adding conditionals 
Add queue conditionals
add default conditionals
adding default conditionals from /Users/jan/PychronDev/setupfiles/spectrometer/default_conditionals.yaml
Start automated run 65652-02B
loading script "jan_unknown120_60.py"
loading script "jan_pump_ms.py"
loading script "jan_co2.py"
loading script "jan_pump_extraction_line.py"
%%%%%%%%%%%%%%%%%% setting automated run 65652-02B
No value "sensitivity_multiplier" in metadata
$$$$$$$$$$$$$$$ auto_save_detector_ic=False
============================= Pre Extraction Check =============================
loading queue conditionals pre_run_terminations
loading system conditionals pre_run_terminations
loading conditionals from /Users/jan/PychronDev/setupfiles/spectrometer/default_conditionals.yaml
16:25:03 -- ******* Pre Extraction Check *******
Get a measurement from the spectrometer
Pre Extraction Termination data. keys=H2,H1,AX,L1,L2,CDD, signals=-0.06453,0.06255,0.07294,0.00174,0.19251,0.00163
16:25:03 -- testing system defined conditionals
Checking default pre extraction terminations n=2
testing CDD
evaluate ot="CDD.inactive" t="CDD", ctx="{'CDD': False}"
GetDeflection CDD ===>> 50
testing CDD==2000
evaluate ot="CDD.deflection==2000" t="CDD==2000", ctx="{'CDD': 50.0}"
16:25:03 -- ******* Pre Extraction Check Passed *******
=================================================================================
16:25:03 -- stopping status monitor
stop 4944249968
Status monitor stopped
Status monitor finished
16:25:05 -- starting status monitor
start 4944249968
StatusMonitor period=1. Frequencies(state=2, checksum=3, lock=5, owner=5)
start extraction
do extraction
Analysis started at 16:25:06.689799
Extraction Started jan_co2.py
16:25:06 -- ******* Extraction Started jan_co2.py *******
state changed from not run to extraction
DO EXTRACTION <pychron.extraction_line.pyscript_runner.RemotePyScriptRunner object at 0x12a097fb0>
testing...
no interpolation path defined
calculate duration
testing...
no interpolation path defined
executed snippet estimated_duration=0, duration=4.60147857666e-05
calculate duration
testing...
no interpolation path defined
executed snippet estimated_duration=0, duration=0.000194072723389
executed snippet estimated_duration=100.0, duration=0.00273513793945
Jan CO2 laser analysis
doing GOSUB
testing...
no interpolation path defined
executed snippet estimated_duration=0, duration=7.10487365723e-05
Waiting for CO2 access
wait ('FelixCO2Flag', 0) {}
waiting for FelixCO2Flag = 0
Read FelixCO2Flag ===>> 0
finished waiting
CO2 free
wait ('CO2PumpTimeFlag', 0) {}
waiting for CO2PumpTimeFlag = 0
Read CO2PumpTimeFlag ===>> 0
finished waiting
acquire ('JanCO2Flag',) {'clear': True}
acquire JanCO2Flag
Set JanCO2Flag 1 ===>> OK
JanCO2Flag acquired
set extraction state False (0.75, 'red', 1.5)
CO2 acquired
executed snippet estimated_duration=0, duration=0.0184879302979
WaitForCO2Access.py completed successfully
gosub finished
doing GOSUB
testing...
no interpolation path defined
executed snippet estimated_duration=0, duration=0.000103950500488
Prepare for CO2 analysis
close () {'description': 'Jan Inlet'}
close name=--- desc=Jan Inlet
checking ownership. requestor=129.138.12.150
check software interlocks R
interlocks []
actuate state mode=None-script, software_lock=False
doing actuation None-script close_channel False
Close R ===>> OK
GetIndicatorState R ===>> False
change switch state (True, True)
update switch state R False args=() kw={} ncanvase=2
16:25:07 -- CLOSE  VALVE-R (Jan Inlet)
-------------------------- close None (Jan Inlet) result=[(True, True)]
action=close, ok=True, locked=[False]
open () {'description': 'Jan Ion Pump'}
open name=--- desc=Jan Ion Pump
checking ownership. requestor=129.138.12.150
check software interlocks O
interlocks []
actuate state mode=None-script, software_lock=False
doing actuation None-script open_channel False
Open O ===>> OK
GetIndicatorState O ===>> OK
change switch state (True, True)
update switch state O True args=() kw={} ncanvase=2
16:25:07 -- OPEN   VALVE-O (Jan Ion Pump)
-------------------------- open None (Jan Ion Pump) result=[(True, True)]
action=open, ok=True, locked=[False]
close () {'description': 'Microbone to Minibone'}
close name=--- desc=Microbone to Minibone
checking ownership. requestor=129.138.12.150
check software interlocks L
interlocks []
actuate state mode=None-script, software_lock=False
doing actuation None-script close_channel False
Close L ===>> OK
GetIndicatorState L ===>> False
change switch state (True, True)
update switch state L False args=() kw={} ncanvase=2
16:25:08 -- CLOSE  VALVE-L (Microbone to Minibone)
-------------------------- close None (Microbone to Minibone) result=[(True, True)]
action=close, ok=True, locked=[False]
open () {'description': 'Microbone to Turbo'}
open name=--- desc=Microbone to Turbo
checking ownership. requestor=129.138.12.150
check software interlocks U
interlocks []
actuate state mode=None-script, software_lock=False
doing actuation None-script open_channel False
Open U ===>> OK
GetIndicatorState U ===>> OK
change switch state (True, True)
update switch state U True args=() kw={} ncanvase=2
16:25:08 -- OPEN   VALVE-U (Microbone to Turbo)
-------------------------- open None (Microbone to Turbo) result=[(True, True)]
action=open, ok=True, locked=[False]
open () {'description': 'Microbone to Inlet Pipette'}
open name=--- desc=Microbone to Inlet Pipette
checking ownership. requestor=129.138.12.150
check software interlocks S
interlocks []
actuate state mode=None-script, software_lock=False
doing actuation None-script open_channel False
Open S ===>> OK
GetIndicatorState S ===>> OK
change switch state (True, True)
update switch state S True args=() kw={} ncanvase=2
16:25:09 -- OPEN   VALVE-S (Microbone to Inlet Pipette)
-------------------------- open None (Microbone to Inlet Pipette) result=[(True, True)]
action=open, ok=True, locked=[False]
open () {'description': 'Microbone to Getter D-50'}
open name=--- desc=Microbone to Getter D-50
checking ownership. requestor=129.138.12.150
check software interlocks K
interlocks []
actuate state mode=None-script, software_lock=False
doing actuation None-script open_channel False
Open K ===>> OK
GetIndicatorState K ===>> OK
change switch state (True, True)
update switch state K True args=() kw={} ncanvase=2
16:25:09 -- OPEN   VALVE-K (Microbone to Getter D-50)
-------------------------- open None (Microbone to Getter D-50) result=[(True, True)]
action=open, ok=True, locked=[False]
open () {'description': 'Microbone to Getter NP-10'}
open name=--- desc=Microbone to Getter NP-10
checking ownership. requestor=129.138.12.150
check software interlocks M
interlocks []
actuate state mode=None-script, software_lock=False
doing actuation None-script open_channel False
Open M ===>> OK
GetIndicatorState M ===>> OK
change switch state (True, True)
update switch state M True args=() kw={} ncanvase=2
16:25:10 -- OPEN   VALVE-M (Microbone to Getter NP-10)
-------------------------- open None (Microbone to Getter NP-10) result=[(True, True)]
action=open, ok=True, locked=[False]
close () {'description': 'CO2 Laser to Felix'}
close name=--- desc=CO2 Laser to Felix
checking ownership. requestor=129.138.12.150
check software interlocks F
interlocks []
actuate state mode=None-script, software_lock=True
VALVE-F(CO2 Laser to Felix) software locked
change switch state (True, False)
-------------------------- close None (CO2 Laser to Felix) result=[(True, False)]
action=close, ok=True, locked=[True]
open () {'description': 'CO2 Laser to Jan'}
open name=--- desc=CO2 Laser to Jan
checking ownership. requestor=129.138.12.150
check software interlocks A
interlocks []
actuate state mode=None-script, software_lock=False
doing actuation None-script open_channel False
Open A ===>> OK
GetIndicatorState A ===>> OK
change switch state (True, True)
update switch state A True args=() kw={} ncanvase=2
16:25:10 -- OPEN   VALVE-A (CO2 Laser to Jan)
-------------------------- open None (CO2 Laser to Jan) result=[(True, True)]
action=open, ok=True, locked=[False]
open () {'description': 'Microbone to CO2 Laser'}
open name=--- desc=Microbone to CO2 Laser
checking ownership. requestor=129.138.12.150
check software interlocks T
interlocks []
actuate state mode=None-script, software_lock=False
doing actuation None-script open_channel False
Open T ===>> OK
GetIndicatorState T ===>> OK
change switch state (True, True)
update switch state T True args=() kw={} ncanvase=2
16:25:11 -- OPEN   VALVE-T (Microbone to CO2 Laser)
-------------------------- open None (Microbone to CO2 Laser) result=[(True, True)]
action=open, ok=True, locked=[False]
executed snippet estimated_duration=0, duration=4.91270017624
PrepareForCO2Analysis.py completed successfully
gosub finished
set_motor ('beam', '1.25') {}
setting motor "beam" to 1.25
set motor beam to 1.25
SetMotor beam,1.25 ===>> OK
GetMotorMoving beam ===>> False
GetMotorMoving beam ===>> False
Block completed
move_to_position ('32',) {'autocenter': True}
FusionsCO2 move to position 32
sending GoToHole 32,True
GoToHole 32,True ===>> OK
GetDriveMoving ===>> False
GetDriveMoving ===>> OK
GetDriveMoving ===>> OK
GetDriveMoving ===>> OK
GetDriveMoving ===>> OK
GetDriveMoving ===>> OK
GetDriveMoving ===>> OK
GetDriveMoving ===>> OK
GetDriveMoving ===>> OK
GetDriveMoving ===>> False
Block completed
GetAutoCorrecting ===>> False
GetAutoCorrecting ===>> False
Block completed
update position
GetPosition ===>> 0.00000,9.96950,1.00000
got position (0.0, 9.9695, 1.0)
move to position succeeded
sleep (5,) {}
SLEEP 5.0
block started
WaitControl setup for 5.0  
Join finished
block finished. duration 5.02379512787
close () {'description': 'Microbone to Turbo'}
close name=--- desc=Microbone to Turbo
checking ownership. requestor=129.138.12.150
check software interlocks U
interlocks []
actuate state mode=None-script, software_lock=False
doing actuation None-script close_channel True
Close U ===>> OK
GetIndicatorState U ===>> False
change switch state (True, True)
update switch state U False args=() kw={} ncanvase=2
16:25:21 -- CLOSE  VALVE-U (Microbone to Turbo)
-------------------------- close None (Microbone to Turbo) result=[(True, True)]
action=close, ok=True, locked=[False]
enable laser
enable () {}
set extraction state FusionsCO2 Enabled (False, 'red', 1.5)
enabling laser
Enable ===>> OK
begin interval
BEGIN INTERVAL Interval 1 waiting for 30.0
block started
WaitControl setup for 30.0  
set extract to 0.35
extract (0.35,) {}
GetPosition ===>> 0.00000,9.96950,1.00000
set extraction state FusionsCO2 ON! 0.35(watts) (0.75, 'red', 1.5)
extract sample to 0.35 (watts)
set laser output
SetLaserOutput 0.35,watts ===>> OK
executing pattern triangle.lp
execute_pattern ('triangle.lp',) {}
executing pattern triangle.lp
IsPatterning ===>> OK
IsPatterning ===>> OK
IsPatterning ===>> OK
IsPatterning ===>> OK
IsPatterning ===>> OK
IsPatterning ===>> OK
IsPatterning ===>> OK
IsPatterning ===>> OK
IsPatterning ===>> OK
IsPatterning ===>> OK
IsPatterning ===>> OK
IsPatterning ===>> OK
IsPatterning ===>> OK
IsPatterning ===>> OK
IsPatterning ===>> OK
IsPatterning ===>> OK
IsPatterning ===>> OK
IsPatterning ===>> OK
IsPatterning ===>> OK
IsPatterning ===>> OK
IsPatterning ===>> OK
IsPatterning ===>> OK
IsPatterning ===>> OK
IsPatterning ===>> OK
IsPatterning ===>> OK
IsPatterning ===>> OK
IsPatterning ===>> False
IsPatterning ===>> False
Block completed
COMPLETE INTERVAL waiting for Interval 1 to complete
Join finished
block finished. duration 30.0656991005
Interval 1 finished
end_extract () {}
ending extraction. set laser power to 0
set laser power 0
SetLaserPower 0 ===>> OK
disable () {}
%%%%%%%%%%%%%%%%%%%%%%%%%%%%%%%%%%% disable
set extraction state False (0.75, 'red', 1.5)
disabling laser
Disable ===>> OK
sleep (30.0,) {}
SLEEP 30.0
block started
WaitControl setup for 30.0  
Join finished
block finished. duration 30.0868999958
executed snippet estimated_duration=166.5, duration=76.3514409065
jan_co2.py completed successfully
GetAchievedOutput ===>> No Response
Requested Output= 0.000
Achieved Output=  0.000
GetResponseBlob ===>> No Response
GetOutputBlob ===>> No Response
persistence save...
persistence save - db
AutomatedRunPersister post_extraction_save deprecated
persistence save - dvc
no extraction position for 32
not connected to db mysql://janexp@129.138.12.160/labspy
Enviromentals: {'lab_humiditys': [{'device': 'EnvironmentalMonitor',
                    'name': 'Lab Hum.',
                    'pub_date': '2017-08-05T16:14:03',
                    'title': 'iServer Hum.',
                    'value': 54.2}],
 'lab_pneumatics': [{'device': 'AirPressure',
                     'name': 'Pressure',
                     'pub_date': '2017-08-05T16:25:05',
                     'title': None,
                     'value': 97.35},
                    {'device': 'AirPressure2',
                     'name': 'Pressure2',
                     'pub_date': '2017-08-05T16:25:05',
                     'title': None,
                     'value': 98.67754}],
 'lab_temperatures': [{'device': 'Coldfinger',
                       'name': 'ColdFinger Temp.',
                       'pub_date': '2017-08-05T16:22:08',
                       'title': None,
                       'value': -193.0},
                      {'device': 'EnvironmentalMonitor',
                       'name': 'Lab Temp.',
                       'pub_date': '2017-08-05T15:24:30',
                       'title': 'iServer Temp.',
                       'value': 74.6},
                      {'device': 'Chiller',
                       'name': 'Coolant Temp.',
                       'pub_date': '2017-08-05T16:19:40',
                       'title': None,
                       'value': 18.0}]}
Extraction Finished
16:26:25 -- ******* Extraction Finished *******
no overlap. not waiting for min ms pumptime
16:26:25 -- Sending spectrometer configuration
======== Sending configuration ========
SetDeflection CDD,50.0 ===>> OK
SetDeflection H2,0.0 ===>> OK
SetDeflection H1,0.0 ===>> OK
SetDeflection L2,825.0 ===>> OK
SetDeflection L1,400.0 ===>> OK
SetDeflection AX,190.0 ===>> OK
SetZFocus 74.64 ===>> OK
SetZSymmetry -50.72 ===>> OK
SetExtractionLens 26.13 ===>> OK
SetIonRepeller -3.81 ===>> OK
SetElectronEnergy 75.08 ===>> OK
SetYSymmetry -2.81 ===>> OK
SetIonCounterVoltage 1590.0 ===>> OK
send trap current 200.0
GetParameter Trap Current Readback ===>> 197.923274125618
SetParameter Trap Current Set,200.0 ===>> OK
updating mftable name mftable
Using mftable located at /Users/jan/PychronDev/setupfiles/spectrometer/mftables/mftable.csv
============ MFtable ===========
Isotope  H2     H1     AX     L1     L2     CDD    
Ar40     6.0551 5.8782 5.9916 6.1936 6.2295 6.6789
Ar39     6.0100 5.7692 6.0557 6.3368 6.1122 6.5654
Ar36     5.6875 5.4382 5.7191 5.9956 5.7672 6.2165
================================
get initial guess parabolic
get initial guess parabolic
get initial guess parabolic
get initial guess parabolic
get initial guess parabolic
get initial guess parabolic
======== Configuration Finished ========
GetYSymmetry ===>> -2.81
GetZSymmetry ===>> -50.72
GetParameter Trap Current Readback ===>> 198.147042666178
GetHighVoltage ===>> 4499.94659342336
start measurement
do measurement
L#=65652 analysis type=unknown
Measurement Started jan_unknown120_60.py
16:26:25 -- ******* Measurement Started jan_unknown120_60.py *******
state changed from extraction to measurement
setting trap, emission, spec, defl, and gains
GetExtractionLens ===>> 26.13
GetYSymmetry ===>> -2.81
GetZSymmetry ===>> -50.72
GetZFocus ===>> 74.64
GetDeflection H2 ===>> 0
GetDeflection H1 ===>> 0
GetDeflection AX ===>> 190
GetDeflection L1 ===>> 400
GetDeflection L2 ===>> 825
GetDeflection CDD ===>> 50
GetGain H2 ===>> 0.0113
GetGain H1 ===>> 0.1
GetGain AX ===>> 0.09645
GetGain L1 ===>> 0.010309
GetGain L2 ===>> 0.091393
GetGain CDD ===>> 0
GetParameter Trap Current Readback ===>> 198.258926936459
GetParameter Source Current Readback ===>> 553.996337667094
pre measurement save
New frame /Users/jan/PychronDev/data/isotopes/09/b2ec3d-e826-44f3-819f-6616cdbbc5ae.h5
flush and close file /Users/jan/PychronDev/data/isotopes/09/b2ec3d-e826-44f3-819f-6616cdbbc5ae.h5
testing...
no interpolation path defined
executed snippet estimated_duration=209.88, duration=0.000142097473145
unknown measurement script
activate_detectors ('H2', 'H1', 'AX', 'L1', 'L2', 'CDD') {}
activate detectors
*************** Set Analysis View Ar/Ar
create graphs
clearing graphs
clear isotope group
setting isotope det=H2, iso=Ar41
setting isotope det=H1, iso=Ar40
setting isotope det=AX, iso=Ar39
setting isotope det=L1, iso=Ar38
setting isotope det=L2, iso=Ar37
setting isotope det=CDD, iso=Ar36
setting previous blanks
 - setting Ar41 blank 0.0175+/-0.0034
 - setting Ar40 blank 5.966+/-0.009
 - setting Ar36 blank 0.01745+/-0.00029
 - setting Ar37 blank 0.059+/-0.005
 - setting Ar38 blank 0.0062+/-0.0020
 - setting Ar39 blank 0.156+/-0.010
load analysis view
position_magnet ('Ar40',) {'detector': 'H1'}
detector Detector(H1)
POSITION Ar40 H1
setting detector H2 to Ar41 (40.9624)
setting detector H1 to Ar40 (39.9624)
setting detector AX to Ar39 (38.9624)
setting detector L1 to Ar38 (37.9624)
setting detector L2 to Ar37 (36.9624)
setting detector CDD to Ar36 (35.9624)
Mapping mass to dac mass func: "parabolic"
H1 map mass coeffs = [ -3.11428344e-04   1.33794662e-01   1.02883323e+00]
H1 map mass to dac 39.9624 >> 5.87824
GetDeflection H1 ===>> 0
GetHighVoltage ===>> 4499.94659342336
positioning Ar40 (5.8782053836) on H1
setting magnet DAC
current  : 5.878205
requested: 5.878205
Delta Dac: 0.000000
Checking detector protection. dv=0.00000
Checking detector "CDD". Protection Threshold: 0.5 (V)
SetMagnetDAC 5.8782053836 ===>> OK
Magnet settling time: 0.500 0.500
Magnet settling complete
set_dac. change=True
update labels <pychron.experiment.plot_panel.PlotPanel object at 0x1c1999d70>
update labels "<pychron.graph.stacked_regression_graph.StackedRegressionGraph object at 0x1c1ea5dd0>"
setting label 0 H2 Ar41
setting label 1 H1 Ar40
setting label 2 AX Ar39
setting label 3 L1 Ar38
setting label 4 L2 Ar37
setting label 5 CDD Ar36
update labels "<pychron.graph.stacked_graph.StackedGraph object at 0x1acc37b30>"
setting label 0 H2 Ar41
setting label 1 H1 Ar40
setting label 2 AX Ar39
setting label 3 L1 Ar38
equilibrate () {'delay': 3, 'inlet': 'R', 'outlet': 'O', 'eqtime': 12.0}
setting label 4 L2 Ar37
Equilibration Started
setting label 5 CDD Ar36
16:26:26 -- ******* Equilibration Started *******
checking ownership. requestor=129.138.12.150
check software interlocks O
interlocks []
actuate state mode=None-script, software_lock=False
doing actuation None-script close_channel True
Close O ===>> OK
GetIndicatorState O ===>> False
change switch state (True, True)
update switch state O False args=() kw={} ncanvase=2
16:26:26 -- CLOSE  VALVE-O (Jan Ion Pump)
waiting 3s before opening inlet value ('R',)
checking ownership. requestor=129.138.12.150
check software interlocks R
interlocks []
actuate state mode=None-script, software_lock=False
doing actuation None-script open_channel True
Open R ===>> OK
GetIndicatorState R ===>> OK
change switch state (True, True)
update switch state R True args=() kw={} ncanvase=2
16:26:30 -- OPEN   VALVE-R (Jan Inlet)
set_time_zero () {}
equilibrating for 12.0sec
sniff (12.0,) {}
py_sniff
build tables- sniff [Detector(H2), Detector(H1), Detector(AX), Detector(L1), Detector(L2), Detector(CDD)]
add group /sniff/Ar41 (Group) '' table H2
add group /sniff/Ar40 (Group) '' table H1
add group /sniff/Ar39 (Group) '' table AX
add group /sniff/Ar38 (Group) '' table L1
add group /sniff/Ar37 (Group) '' table L2
add group /sniff/Ar36 (Group) '' table CDD
flush and close file /Users/jan/PychronDev/data/isotopes/09/b2ec3d-e826-44f3-819f-6616cdbbc5ae.h5
measuring sniff. ncounts=12.0
"sniff" increment series count="1" fit count="0" regressing="False"
starting measurement
Equilibration Finished
16:26:42 -- ******* Equilibration Finished *******
checking ownership. requestor=129.138.12.150
check software interlocks R
interlocks []
actuate state mode=None-script, software_lock=False
doing actuation None-script close_channel True
Close R ===>> OK
GetIndicatorState R ===>> False
change switch state (True, True)
update switch state R False args=() kw={} ncanvase=2
16:26:43 -- CLOSE  VALVE-R (Jan Inlet)
Post Equilibration Started jan_pump_extraction_line.py
16:26:43 -- ******* Post Equilibration Started jan_pump_extraction_line.py *******
testing...
no interpolation path defined
calculate duration
testing...
no interpolation path defined
executed snippet estimated_duration=4.0, duration=0.000148057937622
executed snippet estimated_duration=4.0, duration=0.0013530254364
Pump after analysis
doing GOSUB
testing...
no interpolation path defined
executed snippet estimated_duration=4.0, duration=0.000131130218506
Pump Microbone
close () {'description': 'Jan Inlet'}
close name=--- desc=Jan Inlet
checking ownership. requestor=129.138.12.150
check software interlocks R
interlocks []
actuate state mode=None-script, software_lock=False
doing actuation None-script close_channel False
Close R ===>> OK
GetIndicatorState R ===>> False
change switch state (True, True)
update switch state R False args=() kw={} ncanvase=2
16:26:43 -- CLOSE  VALVE-R (Jan Inlet)
-------------------------- close None (Jan Inlet) result=[(True, True)]
waiting for write to finish
measurement finished
estimated time: 12.583 actual time: :12.696
flush and close file /Users/jan/PychronDev/data/isotopes/09/b2ec3d-e826-44f3-819f-6616cdbbc5ae.h5
set_fits () {}
using default fits file=/Users/jan/PychronDev/scripts/measurement/fits/nominal_linear.yaml
set "Ar41" to "('Average', 'SEM')"
set "Ar40" to "('Linear', 'SEM')"
set "Ar36" to "('Linear', 'SEM')"
set "Ar37" to "('linear', 'SEM')"
set "Ar38" to "('linear', 'SEM')"
set "Ar39" to "('Linear', 'SEM')"
set_baseline_fits () {}
using default fits file=/Users/jan/PychronDev/scripts/measurement/fits/nominal_linear.yaml
set "H2" to "('average', 'SEM')"
set "H1" to "('average', 'SEM')"
set "CDD" to "('average', 'SEM')"
set "L2" to "('average', 'SEM')"
set "L1" to "('average', 'SEM')"
set "AX" to "('average', 'SEM')"
multicollect () {'integration_time': 1, 'ncounts': 120}
build tables- signal [Detector(H2), Detector(H1), Detector(AX), Detector(L1), Detector(L2), Detector(CDD)]
add group /signal/Ar41 (Group) '' table H2
action=close, ok=True, locked=[False]
add group /signal/Ar40 (Group) '' table H1
is_closed ('F',) {}
add group /signal/Ar39 (Group) '' table AX
is F () closed?
add group /signal/Ar38 (Group) '' table L1
is closed True
add group /signal/Ar37 (Group) '' table L2
open () {'description': 'CO2 Laser to Jan'}
add group /signal/Ar36 (Group) '' table CDD
open name=--- desc=CO2 Laser to Jan
flush and close file /Users/jan/PychronDev/data/isotopes/09/b2ec3d-e826-44f3-819f-6616cdbbc5ae.h5
checking ownership. requestor=129.138.12.150
measuring signal. ncounts=120
check software interlocks A
interlocks []
actuate state mode=None-script, software_lock=False
doing actuation None-script open_channel False
Open A ===>> OK
GetIndicatorState A ===>> OK
change switch state (True, True)
update switch state A True args=() kw={} ncanvase=2
16:26:43 -- OPEN   VALVE-A (CO2 Laser to Jan)
-------------------------- open None (CO2 Laser to Jan) result=[(True, True)]
"signal" increment series count="2" fit count="1" regressing="True"
action=open, ok=True, locked=[False]
sleep (1,) {}
SLEEP 1.0
starting measurement
close () {'description': 'CO2 Laser to Roughing'}
close name=--- desc=CO2 Laser to Roughing
checking ownership. requestor=129.138.12.150
check software interlocks G
interlocks []
actuate state mode=None-script, software_lock=True
VALVE-G(CO2 Laser to Roughing) software locked
change switch state (True, False)
-------------------------- close None (CO2 Laser to Roughing) result=[(True, False)]
action=close, ok=True, locked=[True]
open () {'description': 'Microbone to Turbo'}
open name=--- desc=Microbone to Turbo
checking ownership. requestor=129.138.12.150
check software interlocks U
interlocks []
actuate state mode=None-script, software_lock=False
doing actuation None-script open_channel True
Open U ===>> OK
GetIndicatorState U ===>> OK
change switch state (True, True)
update switch state U True args=() kw={} ncanvase=2
16:26:45 -- OPEN   VALVE-U (Microbone to Turbo)
-------------------------- open None (Microbone to Turbo) result=[(True, True)]
action=open, ok=True, locked=[False]
open () {'description': 'Microbone to Getter NP-10'}
open name=--- desc=Microbone to Getter NP-10
checking ownership. requestor=129.138.12.150
check software interlocks M
interlocks []
actuate state mode=None-script, software_lock=False
doing actuation None-script open_channel False
Open M ===>> OK
GetIndicatorState M ===>> OK
change switch state (True, True)
update switch state M True args=() kw={} ncanvase=2
16:26:45 -- OPEN   VALVE-M (Microbone to Getter NP-10)
-------------------------- open None (Microbone to Getter NP-10) result=[(True, True)]
action=open, ok=True, locked=[False]
open () {'description': 'Microbone to Getter D-50'}
open name=--- desc=Microbone to Getter D-50
checking ownership. requestor=129.138.12.150
check software interlocks K
interlocks []
actuate state mode=None-script, software_lock=False
doing actuation None-script open_channel False
Open K ===>> OK
GetIndicatorState K ===>> OK
change switch state (True, True)
update switch state K True args=() kw={} ncanvase=2
16:26:46 -- OPEN   VALVE-K (Microbone to Getter D-50)
-------------------------- open None (Microbone to Getter D-50) result=[(True, True)]
action=open, ok=True, locked=[False]
open () {'description': 'Microbone to CO2 Laser'}
open name=--- desc=Microbone to CO2 Laser
checking ownership. requestor=129.138.12.150
check software interlocks T
interlocks []
actuate state mode=None-script, software_lock=False
doing actuation None-script open_channel False
Open T ===>> OK
GetIndicatorState T ===>> OK
change switch state (True, True)
update switch state T True args=() kw={} ncanvase=2
16:26:47 -- OPEN   VALVE-T (Microbone to CO2 Laser)
-------------------------- open None (Microbone to CO2 Laser) result=[(True, True)]
action=open, ok=True, locked=[False]
open () {'description': 'Microbone to Inlet Pipette'}
open name=--- desc=Microbone to Inlet Pipette
checking ownership. requestor=129.138.12.150
check software interlocks S
interlocks []
actuate state mode=None-script, software_lock=False
doing actuation None-script open_channel False
Open S ===>> OK
GetIndicatorState S ===>> OK
change switch state (True, True)
update switch state S True args=() kw={} ncanvase=2
16:26:47 -- OPEN   VALVE-S (Microbone to Inlet Pipette)
-------------------------- open None (Microbone to Inlet Pipette) result=[(True, True)]
action=open, ok=True, locked=[False]
sleep (1,) {}
SLEEP 1.0
testing H1<-5.0
evaluate ot="H1.bs<-5.0" t="H1<-5.0", ctx="{'H1': 0.0685968507624214}"
set_resource () {'name': 'CO2PumpTimeFlag', 'value': 30}
Set CO2PumpTimeFlag 30 ===>> OK
release ('JanCO2Flag',) {}
release JanCO2Flag
Set JanCO2Flag 0 ===>> OK
executed snippet estimated_duration=6.0, duration=5.98658108711
PumpMicrobone.py completed successfully
gosub finished
get_resource_value () {'name': 'JanMiniboneFlag'}
Read JanMiniboneFlag ===>> 0
Get Resource Value JanMiniboneFlag=0.0
get resource value 0.0
get_resource_value () {'name': 'JanMiniboneFlag'}
Read JanMiniboneFlag ===>> 0
Get Resource Value JanMiniboneFlag=0.0
executed snippet estimated_duration=4.0, duration=5.99821782112
jan_pump_extraction_line.py completed successfully
Post Equilibration Finished
16:26:49 -- ******* Post Equilibration Finished *******
testing H1<-5.0
evaluate ot="H1.bs<-5.0" t="H1<-5.0", ctx="{'H1': 0.0685968507624214}"
testing H1<-5.0
evaluate ot="H1.bs<-5.0" t="H1<-5.0", ctx="{'H1': 0.0685968507624214}"
testing H1<-5.0
evaluate ot="H1.bs<-5.0" t="H1<-5.0", ctx="{'H1': 0.0685968507624214}"
testing H1<-5.0
evaluate ot="H1.bs<-5.0" t="H1<-5.0", ctx="{'H1': 0.0685968507624214}"
16:27:09 -- collecting point 25
testing H1<-5.0
evaluate ot="H1.bs<-5.0" t="H1<-5.0", ctx="{'H1': 0.0685968507624214}"
testing H1<-5.0
evaluate ot="H1.bs<-5.0" t="H1<-5.0", ctx="{'H1': 0.0685968507624214}"
testing H1<-5.0
evaluate ot="H1.bs<-5.0" t="H1<-5.0", ctx="{'H1': 0.0685968507624214}"
testing H1<-5.0
evaluate ot="H1.bs<-5.0" t="H1<-5.0", ctx="{'H1': 0.0685968507624214}"
testing H1<-5.0
evaluate ot="H1.bs<-5.0" t="H1<-5.0", ctx="{'H1': 0.0685968507624214}"
16:27:35 -- collecting point 50
testing H1<-5.0
evaluate ot="H1.bs<-5.0" t="H1<-5.0", ctx="{'H1': 0.0685968507624214}"
testing H1<-5.0
evaluate ot="H1.bs<-5.0" t="H1<-5.0", ctx="{'H1': 0.0685968507624214}"
testing H1<-5.0
evaluate ot="H1.bs<-5.0" t="H1<-5.0", ctx="{'H1': 0.0685968507624214}"
testing H1<-5.0
evaluate ot="H1.bs<-5.0" t="H1<-5.0", ctx="{'H1': 0.0685968507624214}"
testing H1<-5.0
evaluate ot="H1.bs<-5.0" t="H1<-5.0", ctx="{'H1': 0.0685968507624214}"
16:28:02 -- collecting point 75
testing H1<-5.0
evaluate ot="H1.bs<-5.0" t="H1<-5.0", ctx="{'H1': 0.0685968507624214}"
testing H1<-5.0
evaluate ot="H1.bs<-5.0" t="H1<-5.0", ctx="{'H1': 0.0685968507624214}"
testing H1<-5.0
evaluate ot="H1.bs<-5.0" t="H1<-5.0", ctx="{'H1': 0.0685968507624214}"
testing H1<-5.0
evaluate ot="H1.bs<-5.0" t="H1<-5.0", ctx="{'H1': 0.0685968507624214}"
testing H1<-5.0
evaluate ot="H1.bs<-5.0" t="H1<-5.0", ctx="{'H1': 0.0685968507624214}"
16:28:28 -- collecting point 100
testing H1<-5.0
evaluate ot="H1.bs<-5.0" t="H1<-5.0", ctx="{'H1': 0.0685968507624214}"
testing H1<-5.0
evaluate ot="H1.bs<-5.0" t="H1<-5.0", ctx="{'H1': 0.0685968507624214}"
testing H1<-5.0
evaluate ot="H1.bs<-5.0" t="H1<-5.0", ctx="{'H1': 0.0685968507624214}"
testing H1<-5.0
evaluate ot="H1.bs<-5.0" t="H1<-5.0", ctx="{'H1': 0.0685968507624214}"
waiting for write to finish
measurement finished
estimated time: 125.829 actual time: :126.203
flush and close file /Users/jan/PychronDev/data/isotopes/09/b2ec3d-e826-44f3-819f-6616cdbbc5ae.h5
baselines () {'settling_time': 15.0, 'detector': 'H1', 'mass': 34.2, 'ncounts': 60}
%%%%%%%%%%%%%%%%%%%%%%%%%%%%%%%% Baseline
build tables- baseline [Detector(H2), Detector(H1), Detector(AX), Detector(L1), Detector(L2), Detector(CDD)]
add group baseline table H2
add group baseline table H1
add group baseline table AX
add group baseline table L1
add group baseline table L2
add group baseline table CDD
flush and close file /Users/jan/PychronDev/data/isotopes/09/b2ec3d-e826-44f3-819f-6616cdbbc5ae.h5
detector Detector(H1)
POSITION 34.2 H1
Mapping mass to dac mass func: "parabolic"
H1 map mass coeffs = [ -3.11428344e-04   1.33794662e-01   1.02883323e+00]
H1 map mass to dac 34.2 >> 5.24035160773
GetDeflection H1 ===>> 0
GetHighVoltage ===>> 4499.94659342336
positioning 34.2 (5.24032074779) on H1
setting magnet DAC
current  : 5.878205
requested: 5.240321
Delta Dac: 0.637885
Checking detector protection. dv=0.63788
Checking detector "CDD". Protection Threshold: 0.5 (V)
ProtectDetector CDD,On ===>> OK
GetDeflection CDD ===>> 2000
Protected = 2000
SetMagnetDAC 5.24032074779 ===>> OK
Magnet settling time: 0.500 0.500
Magnet settling complete
Wait for magnet to stop moving
GetMagnetMoving ===>> True
GetMagnetMoving ===>> True
GetMagnetMoving ===>> True
GetMagnetMoving ===>> True
GetMagnetMoving ===>> True
GetMagnetMoving ===>> True
GetMagnetMoving ===>> True
GetMagnetMoving ===>> True
GetMagnetMoving ===>> True
GetMagnetMoving ===>> False
Magnet move complete
Unprotect detectors
ProtectDetector CDD,Off ===>> OK
GetDeflection CDD ===>> 50
set_dac. change=True
Delaying 15.0s for detectors to settle
Join finished
measuring baseline. ncounts=60
"baseline" increment series count="2" fit count="1" regressing="True"
starting measurement
testing H1<-5.0
evaluate ot="H1.bs<-5.0" t="H1<-5.0", ctx="{'H1': 0.06935199593923747}"
testing H1<-5.0
evaluate ot="H1.bs<-5.0" t="H1<-5.0", ctx="{'H1': 0.07492680409237035}"
testing H1<-5.0
evaluate ot="H1.bs<-5.0" t="H1<-5.0", ctx="{'H1': 0.06864589168108193}"
testing H1<-5.0
evaluate ot="H1.bs<-5.0" t="H1<-5.0", ctx="{'H1': 0.06932202279902912}"
testing H1<-5.0
evaluate ot="H1.bs<-5.0" t="H1<-5.0", ctx="{'H1': 0.07698330245031015}"
16:29:34 -- collecting point 25
testing H1<-5.0
evaluate ot="H1.bs<-5.0" t="H1<-5.0", ctx="{'H1': 0.07891413856569546}"
testing H1<-5.0
evaluate ot="H1.bs<-5.0" t="H1<-5.0", ctx="{'H1': 0.07371866438583113}"
testing H1<-5.0
evaluate ot="H1.bs<-5.0" t="H1<-5.0", ctx="{'H1': 0.07315181708059391}"
testing H1<-5.0
evaluate ot="H1.bs<-5.0" t="H1<-5.0", ctx="{'H1': 0.07446939877097311}"
testing H1<-5.0
evaluate ot="H1.bs<-5.0" t="H1<-5.0", ctx="{'H1': 0.07081435432902083}"
16:30:00 -- collecting point 50
testing H1<-5.0
evaluate ot="H1.bs<-5.0" t="H1<-5.0", ctx="{'H1': 0.07331443712146138}"
testing H1<-5.0
evaluate ot="H1.bs<-5.0" t="H1<-5.0", ctx="{'H1': 0.0751547135347226}"
waiting for write to finish
measurement finished
estimated time: 62.915 actual time: :63.158
flush and close file /Users/jan/PychronDev/data/isotopes/09/b2ec3d-e826-44f3-819f-6616cdbbc5ae.h5
activate_detectors ('H1', 'AX', 'CDD') {'peak_center': True}
peak_center () {'detector': 'H1', 'integration_time': 0.262144, 'isotope': 'Ar40'}
peak center: mean=47.851447428 threshold=5.0
peak center started
setup peak center. detector=['H1', 'AX', 'CDD'], isotope=Ar40
VersionedUnpickler [<apptools.sweet_pickle.versioned_unpickler.VersionedUnpickler object at 0x204ff3410>] using Updater [<apptools.sweet_pickle.updater.Updater object at 0x1363ce350>]
VersionedUnpickler [<apptools.sweet_pickle.versioned_unpickler.VersionedUnpickler object at 0x204ff3410>] using Updater [<apptools.sweet_pickle.updater.Updater object at 0x1363ce350>]
VersionedUnpickler [<apptools.sweet_pickle.versioned_unpickler.VersionedUnpickler object at 0x1bdfa6350>] using Updater [<apptools.sweet_pickle.updater.Updater object at 0x1363ce350>]
setting integration time = 0.524288
SetIntegrationTime 0.524288 ===>> OK
Mapping mass to dac mass func: "parabolic"
H1 map mass coeffs = [ -3.11428344e-04   1.33794662e-01   1.02883323e+00]
H1 map mass to dac 39.9624 >> 5.87824
GetDeflection H1 ===>> 0
GetHighVoltage ===>> 4499.94659342336
do peak center. <pychron.spectrometer.jobs.peak_center.PeakCenter object at 0x1363ce3b0>
doing pc
starting peak center. center dac= 5.8782053836 step_width=0.001
width = 0.001
get scan parameters. half-width=0.015,window=0.015, i=0, scalar=1
Scan parameters center=5.87821 width=0.03000 (5.86321 - 5.89321)
Moving to starting dac 5.8632053836
setting magnet DAC
current  : 5.240321
requested: 5.863205
Delta Dac: 0.622885
Checking detector protection. dv=0.62288
Checking detector "CDD". Protection Threshold: 0.5 (V)
ProtectDetector CDD,On ===>> OK
GetDeflection CDD ===>> 2000
Protected = 2000
SetMagnetDAC 5.8632053836 ===>> OK
Magnet settling time: 0.500 0.500
Magnet settling complete
Wait for magnet to stop moving
GetMagnetMoving ===>> True
GetMagnetMoving ===>> True
GetMagnetMoving ===>> True
GetMagnetMoving ===>> True
GetMagnetMoving ===>> True
GetMagnetMoving ===>> True
GetMagnetMoving ===>> True
GetMagnetMoving ===>> True
GetMagnetMoving ===>> True
GetMagnetMoving ===>> False
Magnet move complete
Unprotect detectors
ProtectDetector CDD,Off ===>> OK
GetDeflection CDD ===>> 50
set_dac. change=True
Wait until signal near baseline. tol= 0.0728509463217. timeout= 10
Peak center baseline intensity achieved
_do_sweep sm= 5.8632053836, em= 5.8932053836, stm= 0.001
calculated step values: start=5.8632053836, end=5.8932053836, width=0.001, nsteps=31.0
setting magnet DAC
current  : 5.863205
requested: 5.863205
Delta Dac: 0.000000
Checking detector protection. dv=0.00000
Checking detector "CDD". Protection Threshold: 0.5 (V)
SetMagnetDAC 5.8632053836 ===>> OK
set_dac. change=False
setting magnet DAC
current  : 5.863205
requested: 5.864240
Delta Dac: 0.001034
Checking detector protection. dv=0.00103
Checking detector "CDD". Protection Threshold: 0.5 (V)
SetMagnetDAC 5.86423986635 ===>> OK
Magnet settling time: 1.049 0.500
Magnet settling complete
set_dac. change=True
setting magnet DAC
current  : 5.864240
requested: 5.865274
Delta Dac: 0.001034
Checking detector protection. dv=0.00103
Checking detector "CDD". Protection Threshold: 0.5 (V)
SetMagnetDAC 5.86527434911 ===>> OK
Magnet settling time: 1.049 0.500
Magnet settling complete
set_dac. change=True
setting magnet DAC
current  : 5.865274
requested: 5.866309
Delta Dac: 0.001034
Checking detector protection. dv=0.00103
Checking detector "CDD". Protection Threshold: 0.5 (V)
SetMagnetDAC 5.86630883187 ===>> OK
Magnet settling time: 1.049 0.500
Magnet settling complete
set_dac. change=True
setting magnet DAC
current  : 5.866309
requested: 5.867343
Delta Dac: 0.001034
Checking detector protection. dv=0.00103
Checking detector "CDD". Protection Threshold: 0.5 (V)
SetMagnetDAC 5.86734331463 ===>> OK
Magnet settling time: 1.049 0.500
Magnet settling complete
set_dac. change=True
setting magnet DAC
current  : 5.867343
requested: 5.868378
Delta Dac: 0.001034
Checking detector protection. dv=0.00103
Checking detector "CDD". Protection Threshold: 0.5 (V)
SetMagnetDAC 5.86837779739 ===>> OK
Magnet settling time: 1.049 0.500
Magnet settling complete
set_dac. change=True
setting magnet DAC
current  : 5.868378
requested: 5.869412
Delta Dac: 0.001034
Checking detector protection. dv=0.00103
Checking detector "CDD". Protection Threshold: 0.5 (V)
SetMagnetDAC 5.86941228015 ===>> OK
Magnet settling time: 1.049 0.500
Magnet settling complete
set_dac. change=True
setting magnet DAC
current  : 5.869412
requested: 5.870447
Delta Dac: 0.001034
Checking detector protection. dv=0.00103
Checking detector "CDD". Protection Threshold: 0.5 (V)
SetMagnetDAC 5.87044676291 ===>> OK
Magnet settling time: 1.049 0.500
Magnet settling complete
set_dac. change=True
setting magnet DAC
current  : 5.870447
requested: 5.871481
Delta Dac: 0.001034
Checking detector protection. dv=0.00103
Checking detector "CDD". Protection Threshold: 0.5 (V)
SetMagnetDAC 5.87148124566 ===>> OK
Magnet settling time: 1.049 0.500
Magnet settling complete
set_dac. change=True
setting magnet DAC
current  : 5.871481
requested: 5.872516
Delta Dac: 0.001034
Checking detector protection. dv=0.00103
Checking detector "CDD". Protection Threshold: 0.5 (V)
SetMagnetDAC 5.87251572842 ===>> OK
Magnet settling time: 1.049 0.500
Magnet settling complete
set_dac. change=True
setting magnet DAC
current  : 5.872516
requested: 5.873550
Delta Dac: 0.001034
Checking detector protection. dv=0.00103
Checking detector "CDD". Protection Threshold: 0.5 (V)
SetMagnetDAC 5.87355021118 ===>> OK
Magnet settling time: 1.049 0.500
Magnet settling complete
set_dac. change=True
setting magnet DAC
current  : 5.873550
requested: 5.874585
Delta Dac: 0.001034
Checking detector protection. dv=0.00103
Checking detector "CDD". Protection Threshold: 0.5 (V)
SetMagnetDAC 5.87458469394 ===>> OK
Magnet settling time: 1.049 0.500
Magnet settling complete
set_dac. change=True
setting magnet DAC
current  : 5.874585
requested: 5.875619
Delta Dac: 0.001034
Checking detector protection. dv=0.00103
Checking detector "CDD". Protection Threshold: 0.5 (V)
SetMagnetDAC 5.8756191767 ===>> OK
Magnet settling time: 1.049 0.500
Magnet settling complete
set_dac. change=True
setting magnet DAC
current  : 5.875619
requested: 5.876654
Delta Dac: 0.001034
Checking detector protection. dv=0.00103
Checking detector "CDD". Protection Threshold: 0.5 (V)
SetMagnetDAC 5.87665365946 ===>> OK
Magnet settling time: 1.049 0.500
Magnet settling complete
set_dac. change=True
setting magnet DAC
current  : 5.876654
requested: 5.877688
Delta Dac: 0.001034
Checking detector protection. dv=0.00103
Checking detector "CDD". Protection Threshold: 0.5 (V)
SetMagnetDAC 5.87768814222 ===>> OK
Magnet settling time: 1.049 0.500
Magnet settling complete
set_dac. change=True
setting magnet DAC
current  : 5.877688
requested: 5.878723
Delta Dac: 0.001034
Checking detector protection. dv=0.00103
Checking detector "CDD". Protection Threshold: 0.5 (V)
SetMagnetDAC 5.87872262498 ===>> OK
Magnet settling time: 1.049 0.500
Magnet settling complete
set_dac. change=True
setting magnet DAC
current  : 5.878723
requested: 5.879757
Delta Dac: 0.001034
Checking detector protection. dv=0.00103
Checking detector "CDD". Protection Threshold: 0.5 (V)
SetMagnetDAC 5.87975710773 ===>> OK
Magnet settling time: 1.049 0.500
Magnet settling complete
set_dac. change=True
setting magnet DAC
current  : 5.879757
requested: 5.880792
Delta Dac: 0.001034
Checking detector protection. dv=0.00103
Checking detector "CDD". Protection Threshold: 0.5 (V)
SetMagnetDAC 5.88079159049 ===>> OK
Magnet settling time: 1.049 0.500
Magnet settling complete
set_dac. change=True
setting magnet DAC
current  : 5.880792
requested: 5.881826
Delta Dac: 0.001034
Checking detector protection. dv=0.00103
Checking detector "CDD". Protection Threshold: 0.5 (V)
SetMagnetDAC 5.88182607325 ===>> OK
Magnet settling time: 1.049 0.500
Magnet settling complete
set_dac. change=True
setting magnet DAC
current  : 5.881826
requested: 5.882861
Delta Dac: 0.001034
Checking detector protection. dv=0.00103
Checking detector "CDD". Protection Threshold: 0.5 (V)
SetMagnetDAC 5.88286055601 ===>> OK
Magnet settling time: 1.049 0.500
Magnet settling complete
set_dac. change=True
setting magnet DAC
current  : 5.882861
requested: 5.883895
Delta Dac: 0.001034
Checking detector protection. dv=0.00103
Checking detector "CDD". Protection Threshold: 0.5 (V)
SetMagnetDAC 5.88389503877 ===>> OK
Magnet settling time: 1.049 0.500
Magnet settling complete
set_dac. change=True
setting magnet DAC
current  : 5.883895
requested: 5.884930
Delta Dac: 0.001034
Checking detector protection. dv=0.00103
Checking detector "CDD". Protection Threshold: 0.5 (V)
SetMagnetDAC 5.88492952153 ===>> OK
Magnet settling time: 1.049 0.500
Magnet settling complete
set_dac. change=True
setting magnet DAC
current  : 5.884930
requested: 5.885964
Delta Dac: 0.001034
Checking detector protection. dv=0.00103
Checking detector "CDD". Protection Threshold: 0.5 (V)
SetMagnetDAC 5.88596400429 ===>> OK
Magnet settling time: 1.049 0.500
Magnet settling complete
set_dac. change=True
setting magnet DAC
current  : 5.885964
requested: 5.886998
Delta Dac: 0.001034
Checking detector protection. dv=0.00103
Checking detector "CDD". Protection Threshold: 0.5 (V)
SetMagnetDAC 5.88699848704 ===>> OK
Magnet settling time: 1.049 0.500
Magnet settling complete
set_dac. change=True
setting magnet DAC
current  : 5.886998
requested: 5.888033
Delta Dac: 0.001034
Checking detector protection. dv=0.00103
Checking detector "CDD". Protection Threshold: 0.5 (V)
SetMagnetDAC 5.8880329698 ===>> OK
Magnet settling time: 1.049 0.500
Magnet settling complete
set_dac. change=True
setting magnet DAC
current  : 5.888033
requested: 5.889067
Delta Dac: 0.001034
Checking detector protection. dv=0.00103
Checking detector "CDD". Protection Threshold: 0.5 (V)
SetMagnetDAC 5.88906745256 ===>> OK
Magnet settling time: 1.049 0.500
Magnet settling complete
set_dac. change=True
setting magnet DAC
current  : 5.889067
requested: 5.890102
Delta Dac: 0.001034
Checking detector protection. dv=0.00103
Checking detector "CDD". Protection Threshold: 0.5 (V)
SetMagnetDAC 5.89010193532 ===>> OK
Magnet settling time: 1.049 0.500
Magnet settling complete
set_dac. change=True
setting magnet DAC
current  : 5.890102
requested: 5.891136
Delta Dac: 0.001034
Checking detector protection. dv=0.00103
Checking detector "CDD". Protection Threshold: 0.5 (V)
SetMagnetDAC 5.89113641808 ===>> OK
Magnet settling time: 1.049 0.500
Magnet settling complete
set_dac. change=True
setting magnet DAC
current  : 5.891136
requested: 5.892171
Delta Dac: 0.001034
Checking detector protection. dv=0.00103
Checking detector "CDD". Protection Threshold: 0.5 (V)
SetMagnetDAC 5.89217090084 ===>> OK
Magnet settling time: 1.049 0.500
Magnet settling complete
set_dac. change=True
setting magnet DAC
current  : 5.892171
requested: 5.893205
Delta Dac: 0.001034
Checking detector protection. dv=0.00103
Checking detector "CDD". Protection Threshold: 0.5 (V)
SetMagnetDAC 5.8932053836 ===>> OK
Magnet settling time: 1.049 0.500
Magnet settling complete
set_dac. change=True
result of _do_sweep=True
result of _calculate_peak_center=([5.8708105940166933, 5.8784458645577757, 5.8860811350988573], [35.458231853272608, 47.667165171463218, 35.168000172487289], 5.8808206140567734, 47.667165171463218)
Failed to find a valid peak. No peak greater than 1.0. max = 0.0128523372898
new center pos Detector(H1) (Ar40) @ 5.87844586456
GetHighVoltage ===>> 4499.94659342336
GetDeflection H1 ===>> 0
dac uncorrected for HV and deflection 5.87848048238
update mftable H1 Ar40 5.87848048238 message=automated run peakcenter
get initial guess parabolic
get initial guess parabolic
get initial guess parabolic
get initial guess parabolic
get initial guess parabolic
get initial guess parabolic
dump mftable to /Users/jan/PychronDev/setupfiles/spectrometer/mftables/mftable.csv
add to repo msg=modified - automated run peakcenter
sweep finished
locally archiving mftable
setting magnet DAC
current  : 5.893205
requested: 5.878446
Delta Dac: 0.014760
Checking detector protection. dv=0.01476
Checking detector "CDD". Protection Threshold: 0.5 (V)
SetMagnetDAC 5.87844586456 ===>> OK
Magnet settling time: 0.500 0.500
Magnet settling complete
set_dac. change=True
setting integration time = 1.048576
SetIntegrationTime 1.048576 ===>> OK
Failed to find a valid peak. No peak greater than 1.0. max = 0.0128523372898
flush and close file /Users/jan/PychronDev/data/isotopes/09/b2ec3d-e826-44f3-819f-6616cdbbc5ae.h5
finished measure script
executed snippet estimated_duration=209.88, duration=269.023126125
jan_unknown120_60.py completed successfully
Measurement Finished
16:30:55 -- ******* Measurement Finished *******
Post Measurement Started jan_pump_ms.py
16:30:55 -- ******* Post Measurement Started jan_pump_ms.py *******
testing...
no interpolation path defined
executed snippet estimated_duration=0, duration=2.19345092773e-05
Pumping spectrometer
open () {'name': 'O'}
open name=O desc=---
checking ownership. requestor=129.138.12.150
check software interlocks O
interlocks []
actuate state mode=None-script, software_lock=False
doing actuation None-script open_channel True
Open O ===>> OK
GetIndicatorState O ===>> OK
change switch state (True, True)
update switch state O True args=() kw={} ncanvase=2
16:30:55 -- OPEN   VALVE-O (Jan Ion Pump)
-------------------------- open O () result=[(True, True)]
action=open, ok=True, locked=[False]
executed snippet estimated_duration=0, duration=0.37355017662
jan_pump_ms.py completed successfully
setting _ms_pumptime
Post Measurement Finished
16:30:55 -- ******* Post Measurement Finished *******
$$$$$$$$$$$$$$$$$$$$ state at run end measurement
state changed from measurement to success
post measurement save measured=True aborted=False
Set filtering
setting fod for Ar41= {'filter_outliers': True, 'std_devs': 2, 'iterations': 1}
setting fod for H2= {'filter_outliers': True, 'std_devs': 2, 'iterations': 1}
setting fod for Ar40= {'filter_outliers': True, 'std_devs': 2, 'iterations': 1}
setting fod for H1= {'filter_outliers': True, 'std_devs': 2, 'iterations': 1}
setting fod for Ar36= {'filter_outliers': True, 'std_devs': 2, 'iterations': 1}
setting fod for CDD= {'filter_outliers': True, 'std_devs': 10, 'iterations': 1}
setting fod for Ar37= {'filter_outliers': True, 'std_devs': 2, 'iterations': 1}
setting fod for L2= {'filter_outliers': True, 'std_devs': 2, 'iterations': 1}
setting fod for Ar38= {'filter_outliers': True, 'std_devs': 2, 'iterations': 1}
setting fod for L1= {'filter_outliers': True, 'std_devs': 2, 'iterations': 1}
setting fod for Ar39= {'filter_outliers': True, 'std_devs': 2, 'iterations': 1}
setting fod for AX= {'filter_outliers': True, 'std_devs': 2, 'iterations': 1}
not connected to db mysql://janexp@129.138.12.160/labspy
Enviromentals: {'lab_humiditys': [{'device': 'EnvironmentalMonitor',
                    'name': 'Lab Hum.',
                    'pub_date': '2017-08-05T16:14:03',
                    'title': 'iServer Hum.',
                    'value': 54.2}],
 'lab_pneumatics': [{'device': 'AirPressure',
                     'name': 'Pressure',
                     'pub_date': '2017-08-05T16:29:06',
                     'title': None,
                     'value': 92.925},
                    {'device': 'AirPressure2',
                     'name': 'Pressure2',
                     'pub_date': '2017-08-05T16:29:06',
                     'title': None,
                     'value': 93.9952}],
 'lab_temperatures': [{'device': 'Coldfinger',
                       'name': 'ColdFinger Temp.',
                       'pub_date': '2017-08-05T16:22:08',
                       'title': None,
                       'value': -193.0},
                      {'device': 'EnvironmentalMonitor',
                       'name': 'Lab Temp.',
                       'pub_date': '2017-08-05T15:24:30',
                       'title': 'iServer Temp.',
                       'value': 74.6},
                      {'device': 'Chiller',
                       'name': 'Coolant Temp.',
                       'pub_date': '2017-08-05T16:29:40',
                       'title': None,
                       'value': 18.0555555555556}]}
persistence save...
persistence save - db
post measurement save
8656427728 connecting to database sqlite://@/
connected to db sqlite://@/
create new session 8656427728
close session 8656427728
No database instance. Not saving post measurement to isotopedb database
$$$$$$$$$$$$$$$ auto_save_detector_ic=False
massspec enabled True
create new session 4983775152
MassSpec Database Version: 16.0
close session 4983775152
saving post measurement to secondary database
saving to massspec database 129.138.12.160/massspecdata
setting labnumber to 65652
setting aliquot to 2
setting step to B
setting uuid to 09b2ec3d-e826-44f3-819f-6616cdbbc5ae
setting irradpos to 65652
setting extract_device to Fusions CO2
setting tray to 
setting position to 32
setting power_requested to 0.35
setting extract_value to 0.35
setting duration to 30.0
setting duration_at_request to 30.0
setting first_stage_delay to 30.0
setting cleanup to 30.0
setting comment to E:14 Single crystal
setting irradiation to NM-290
setting level to E
setting irradiation_level to E
setting sample to 17BV-122
setting material to Sanidine
setting project to IR999
setting mass_spectrometer to Jan
no attribute chron_dosages
no attribute production_ratios
no attribute interference_corrections
no attribute production_name
no attribute j
Reference Isotope=Ar40
Reference Detector=H1
%%%%%%%%%%%%%%%%%%%% Comment: E:14 Single crystal %%%%%%%%%%%%%%%%%%%
adding isotope Ar41 H2
add baseline dbdet= Ar41. original det= H2
get baseline data Ar41 H2
Get data baseline <pychron.processing.isotope.Baseline object at 0x1f0325a50> len t=60
baseline Ar41. v=-0.100470360316, e=0.00407766584906
get signal data Ar41 H2
Get data signal Ar41 0.0180+/-0.0031 len t=120
adding isotope Ar40 H1
add baseline dbdet= Ar40. original det= H1
get baseline data Ar40 H1
Get data baseline <pychron.processing.isotope.Baseline object at 0x1f0325e50> len t=60
baseline Ar40. v=0.0768113491764, e=0.0050150123665
get signal data Ar40 H1
Get data signal Ar40 47.296+/-0.017 len t=120
adding isotope Ar39 AX
add baseline dbdet= Ar39. original det= AX
get baseline data Ar39 AX
Get data baseline <pychron.processing.isotope.Baseline object at 0x1f0325750> len t=60
baseline Ar39. v=-0.0311959618158, e=0.00711031752051
get signal data Ar39 AX
Get data signal Ar39 6.741+/-0.012 len t=120
adding isotope Ar38 L1
add baseline dbdet= Ar38. original det= L1
get baseline data Ar38 L1
Get data baseline <pychron.processing.isotope.Baseline object at 0x1f0325d90> len t=60
baseline Ar38. v=-0.0268502184413, e=0.00272667222224
get signal data Ar38 L1
Get data signal Ar38 0.094+/-0.005 len t=120
adding isotope Ar37 L2
add baseline dbdet= Ar37. original det= L2
get baseline data Ar37 L2
Get data baseline <pychron.processing.isotope.Baseline object at 0x1f03320d0> len t=60
baseline Ar37. v=-0.0126894320136, e=0.00632346272407
get signal data Ar37 L2
Get data signal Ar37 0.052+/-0.010 len t=120
adding isotope Ar36 CDD
add baseline dbdet= Ar36. original det= CDD
get baseline data Ar36 CDD
Get data baseline <pychron.processing.isotope.Baseline object at 0x1f0332990> len t=60
baseline Ar36. v=3.46138580481e-05, e=1.13528829111e-05
get signal data Ar36 CDD
Get data signal Ar36 0.00666+/-0.00021 len t=120
65652-02B added analysis time 0.533007860184s
analysis added to mass spec database
mass spec save time= 0.550
persistence save - dvc
================= post measurement started
create new session 4943876464
close session 4943876464
---------------- Experiment Queue saving disabled
DVC saving peakcenter
Failed to find a valid peak. No peak greater than 1.0. max = 0.0128523372898
Smart pull ahead: 0 behind: 0
Up-to-date with origin
add to repo msg=modified - ad8224ebc6dbfeb9f5997218dfa5fe690569839d.json
add to repo msg=modified - 52-02B.json
add to repo msg=modified - 52-02B.dat.json
add to repo msg=modified - 52-02B.blan.json
add to repo msg=modified - 52-02B.inte.json
add to repo msg=modified - 52-02B.icfa.json
add to repo msg=modified - 52-02B.base.json
not at valid file /Users/jan/PychronDev/data/.dvc/repositories/IR999/656/tags/52-02B.tags.json
add to repo msg=modified - 52-02B.peak.json
add to repo msg=modified - 52-02B.extr.json
not at valid file /Users/jan/PychronDev/data/.dvc/repositories/IR999/656/monitor/52-02B.moni.json
commit message=<COLLECTION>
add to repo msg=modified - 52-02B.inte.json
add to repo msg=modified - 52-02B.base.json
commit message=<ISOEVO> default collection fits
add to repo msg=modified - 52-02B.blan.json
commit message=<BLANKS> preceding bc-02-J-826
add to repo msg=modified - 52-02B.icfa.json
commit message=<ICFactor> default
push repository <pychron.git_archive.repo_manager.GitRepoManager object at 0x1f51480b0>
pushing to remote=origin, url=https://github.com
no changes to meta repo
create new session 4943876464
add association IR999
get identifier "65652"
setting analysis irradiation position=<pychron.dvc.dvc_orm.IrradiationPositionTbl object at 0x20394d190>
close session 4943876464
================= post measurement finished
16:31:09 -- ******* Post Run Check *******
loading queue conditionals post_run_actions
loading system conditionals post_run_actions
loading conditionals from /Users/jan/PychronDev/setupfiles/spectrometer/default_conditionals.yaml
loading queue conditionals post_run_terminations
loading system conditionals post_run_terminations
loading conditionals from /Users/jan/PychronDev/setupfiles/spectrometer/default_conditionals.yaml
Checking default post run terminations n=1
GetDeflection CDD ===>> 50
testing CDD==2000
evaluate ot="CDD.deflection==2000" t="CDD==2000", ctx="{'CDD': 50.0}"
16:31:09 -- ******* Post Run Check Passed *******
16:31:09 -- Automated run 65652-02B success duration: 365.937 s
----------------- finish -----------------
----------------- stop -----------------
retroactive repository identifiers disabled
finish run. runs completed=49
update duration runid=65652-02B, duration=365.936521053, md5=301e91d8
loading script "jan_unknown120_60.py"
loading script "jan_pump_ms.py"
loading script "jan_co2.py"
loading script "jan_pump_extraction_line.py"
testing...
no interpolation path defined
executed snippet estimated_duration=197.4, duration=0.000266075134277
script duration name:unknown120_60 seconds:197.0
loading script "jan_unknown120_60.py"
loading script "jan_pump_ms.py"
loading script "jan_co2.py"
loading script "jan_pump_extraction_line.py"
testing...
no interpolation path defined
executed snippet estimated_duration=0, duration=3.2901763916e-05
loading script "jan_unknown120_60.py"
loading script "jan_pump_ms.py"
loading script "jan_co2.py"
loading script "jan_pump_extraction_line.py"
testing...
no interpolation path defined
calculate duration
testing...
no interpolation path defined
executed snippet estimated_duration=0, duration=5.98430633545e-05
calculate duration
testing...
no interpolation path defined
executed snippet estimated_duration=0, duration=0.000111818313599
executed snippet estimated_duration=0.0, duration=0.00854396820068
script duration name:co2 seconds:0.0
loading script "jan_unknown120_60.py"
loading script "jan_pump_ms.py"
loading script "jan_co2.py"
loading script "jan_pump_extraction_line.py"
testing...
no interpolation path defined
calculate duration
testing...
no interpolation path defined
executed snippet estimated_duration=4.0, duration=0.000174045562744
executed snippet estimated_duration=4.0, duration=0.00298500061035
Script duration 197.0
Run total estimated duration= 198.000
loading script "jan_unknown400_120.py"
loading script "jan_pump_ms.py"
loading script "jan_co2.py"
loading script "jan_pump_extraction_line.py"
testing...
no interpolation path defined
executed snippet estimated_duration=539.8, duration=0.000293016433716
script duration name:unknown400_120 seconds:540.0
pump_ms in script context. using previous estimated duration
co2 in script context. using previous estimated duration
script duration name:co2 seconds:0.0
pump_extraction_line in script context. using previous estimated duration
Script duration 540.0
Run total estimated duration= 541.000
unknown120_60 in script context. using previous estimated duration
script duration name:unknown120_60 seconds:197.0
loading script "jan_unknown120_60.py"
loading script "jan_pump_ms.py"
loading script "jan_cocktail_x1.py"
loading script "jan_pump_extraction_line.py"
testing...
no interpolation path defined
calculate duration
testing...
no interpolation path defined
executed snippet estimated_duration=0, duration=4.6968460083e-05
calculate duration
testing...
no interpolation path defined
executed snippet estimated_duration=0, duration=0.000148057937622
calculate duration
testing...
no interpolation path defined
executed snippet estimated_duration=32.0, duration=0.000105857849121
calculate duration
testing...
no interpolation path defined
executed snippet estimated_duration=34.0, duration=0.000111103057861
calculate duration
testing...
no interpolation path defined
executed snippet estimated_duration=4.0, duration=9.20295715332e-05
calculate duration
testing...
no interpolation path defined
executed snippet estimated_duration=38.0, duration=0.000127077102661
executed snippet estimated_duration=108.0, duration=0.0182909965515
script duration name:cocktail_x1 seconds:108.0
Script duration 305.0
Run total estimated duration= 306.000
unknown400_120 in script context. using previous estimated duration
script duration name:unknown400_120 seconds:540.0
loading script "jan_unknown400_120.py"
loading script "jan_pump_ms.py"
loading script "jan_sniffair_x2.py"
loading script "jan_pump_extraction_line.py"
testing...
no interpolation path defined
calculate duration
testing...
no interpolation path defined
executed snippet estimated_duration=0, duration=5.31673431396e-05
calculate duration
testing...
no interpolation path defined
executed snippet estimated_duration=0, duration=0.000123977661133
calculate duration
testing...
no interpolation path defined
executed snippet estimated_duration=32.0, duration=9.20295715332e-05
calculate duration
testing...
no interpolation path defined
executed snippet estimated_duration=34.0, duration=0.000110864639282
calculate duration
testing...
no interpolation path defined
executed snippet estimated_duration=4.0, duration=7.31945037842e-05
calculate duration
testing...
no interpolation path defined
executed snippet estimated_duration=36.0, duration=0.000134944915771
calculate duration
testing...
no interpolation path defined
executed snippet estimated_duration=34.0, duration=0.000134229660034
calculate duration
testing...
no interpolation path defined
executed snippet estimated_duration=4.0, duration=6.89029693604e-05
calculate duration
testing...
no interpolation path defined
executed snippet estimated_duration=36.0, duration=9.91821289062e-05
calculate duration
testing...
no interpolation path defined
executed snippet estimated_duration=70.0, duration=0.000229120254517
executed snippet estimated_duration=250.0, duration=0.0360021591187
script duration name:sniffair_x2 seconds:250.0
Script duration 790.0
Run total estimated duration= 791.000
script duration name:unknown120_60 seconds:197.0
script duration name:co2 seconds:0.0
Script duration 197.0
Run total estimated duration= 198.000
script duration name:unknown120_60 seconds:197.0
script duration name:co2 seconds:0.0
Script duration 197.0
Run total estimated duration= 198.000
script duration name:unknown120_60 seconds:197.0
script duration name:co2 seconds:0.0
Script duration 197.0
Run total estimated duration= 198.000
script duration name:unknown120_60 seconds:197.0
script duration name:co2 seconds:0.0
Script duration 197.0
Run total estimated duration= 198.000
script duration name:unknown120_60 seconds:197.0
script duration name:co2 seconds:0.0
Script duration 197.0
Run total estimated duration= 198.000
script duration name:unknown120_60 seconds:197.0
script duration name:co2 seconds:0.0
Script duration 197.0
Run total estimated duration= 198.000
script duration name:unknown120_60 seconds:197.0
script duration name:co2 seconds:0.0
Script duration 197.0
Run total estimated duration= 198.000
script duration name:unknown120_60 seconds:197.0
script duration name:co2 seconds:0.0
Script duration 197.0
Run total estimated duration= 198.000
script duration name:unknown120_60 seconds:197.0
script duration name:co2 seconds:0.0
Script duration 197.0
Run total estimated duration= 198.000
script duration name:unknown120_60 seconds:197.0
cocktail_x1 in script context. using previous estimated duration
script duration name:cocktail_x1 seconds:108.0
Script duration 305.0
Run total estimated duration= 306.000
script duration name:unknown400_120 seconds:540.0
sniffair_x2 in script context. using previous estimated duration
script duration name:sniffair_x2 seconds:250.0
Script duration 790.0
Run total estimated duration= 791.000
script duration name:unknown120_60 seconds:197.0
script duration name:co2 seconds:0.0
Script duration 197.0
Run total estimated duration= 198.000
script duration name:unknown120_60 seconds:197.0
script duration name:co2 seconds:0.0
Script duration 197.0
Run total estimated duration= 198.000
script duration name:unknown120_60 seconds:197.0
script duration name:co2 seconds:0.0
Script duration 197.0
Run total estimated duration= 198.000
script duration name:unknown120_60 seconds:197.0
script duration name:co2 seconds:0.0
Script duration 197.0
Run total estimated duration= 198.000
script duration name:unknown120_60 seconds:197.0
script duration name:co2 seconds:0.0
Script duration 197.0
Run total estimated duration= 198.000
script duration name:unknown120_60 seconds:197.0
script duration name:co2 seconds:0.0
Script duration 197.0
Run total estimated duration= 198.000
script duration name:unknown400_120 seconds:540.0
script duration name:co2 seconds:0.0
Script duration 540.0
Run total estimated duration= 541.000
script duration name:unknown120_60 seconds:197.0
script duration name:co2 seconds:0.0
Script duration 197.0
Run total estimated duration= 198.000
script duration name:unknown120_60 seconds:197.0
script duration name:co2 seconds:0.0
Script duration 197.0
Run total estimated duration= 198.000
script duration name:unknown120_60 seconds:197.0
script duration name:co2 seconds:0.0
Script duration 197.0
Run total estimated duration= 198.000
script duration name:unknown120_60 seconds:197.0
script duration name:co2 seconds:0.0
Script duration 197.0
Run total estimated duration= 198.000
script duration name:unknown400_120 seconds:540.0
script duration name:cocktail_x1 seconds:108.0
Script duration 648.0
Run total estimated duration= 649.000
script duration name:unknown120_60 seconds:197.0
script duration name:cocktail_x1 seconds:108.0
Script duration 305.0
Run total estimated duration= 306.000
script duration name:unknown400_120 seconds:540.0
script duration name:sniffair_x2 seconds:250.0
Script duration 790.0
Run total estimated duration= 791.000
script duration name:unknown120_60 seconds:197.0
script duration name:co2 seconds:0.0
Script duration 197.0
Run total estimated duration= 198.000
script duration name:unknown120_60 seconds:197.0
script duration name:co2 seconds:0.0
Script duration 197.0
Run total estimated duration= 198.000
script duration name:unknown120_60 seconds:197.0
script duration name:co2 seconds:0.0
Script duration 197.0
Run total estimated duration= 198.000
script duration name:unknown120_60 seconds:197.0
script duration name:co2 seconds:0.0
Script duration 197.0
Run total estimated duration= 198.000
script duration name:unknown120_60 seconds:197.0
script duration name:co2 seconds:0.0
Script duration 197.0
Run total estimated duration= 198.000
script duration name:unknown120_60 seconds:197.0
script duration name:co2 seconds:0.0
Script duration 197.0
Run total estimated duration= 198.000
script duration name:unknown120_60 seconds:197.0
script duration name:co2 seconds:0.0
Script duration 197.0
Run total estimated duration= 198.000
script duration name:unknown120_60 seconds:197.0
script duration name:co2 seconds:0.0
Script duration 197.0
Run total estimated duration= 198.000
script duration name:unknown120_60 seconds:197.0
script duration name:co2 seconds:0.0
Script duration 197.0
Run total estimated duration= 198.000
script duration name:unknown120_60 seconds:197.0
script duration name:co2 seconds:0.0
Script duration 197.0
Run total estimated duration= 198.000
script duration name:unknown120_60 seconds:197.0
script duration name:co2 seconds:0.0
Script duration 197.0
Run total estimated duration= 198.000
script duration name:unknown400_120 seconds:540.0
script duration name:co2 seconds:0.0
Script duration 540.0
Run total estimated duration= 541.000
script duration name:unknown400_120 seconds:540.0
script duration name:cocktail_x1 seconds:108.0
Script duration 648.0
Run total estimated duration= 649.000
script duration name:unknown120_60 seconds:197.0
script duration name:cocktail_x1 seconds:108.0
Script duration 305.0
Run total estimated duration= 306.000
script duration name:unknown400_120 seconds:540.0
script duration name:sniffair_x2 seconds:250.0
Script duration 790.0
Run total estimated duration= 791.000
script duration name:unknown120_60 seconds:197.0
script duration name:co2 seconds:0.0
Script duration 197.0
Run total estimated duration= 198.000
script duration name:unknown120_60 seconds:197.0
script duration name:co2 seconds:0.0
Script duration 197.0
Run total estimated duration= 198.000
script duration name:unknown120_60 seconds:197.0
script duration name:co2 seconds:0.0
Script duration 197.0
Run total estimated duration= 198.000
script duration name:unknown120_60 seconds:197.0
script duration name:co2 seconds:0.0
Script duration 197.0
Run total estimated duration= 198.000
script duration name:unknown120_60 seconds:197.0
script duration name:co2 seconds:0.0
Script duration 197.0
Run total estimated duration= 198.000
script duration name:unknown120_60 seconds:197.0
script duration name:co2 seconds:0.0
Script duration 197.0
Run total estimated duration= 198.000
script duration name:unknown120_60 seconds:197.0
script duration name:co2 seconds:0.0
Script duration 197.0
Run total estimated duration= 198.000
script duration name:unknown120_60 seconds:197.0
script duration name:co2 seconds:0.0
Script duration 197.0
Run total estimated duration= 198.000
script duration name:unknown120_60 seconds:197.0
script duration name:co2 seconds:0.0
Script duration 197.0
Run total estimated duration= 198.000
script duration name:unknown120_60 seconds:197.0
script duration name:cocktail_x1 seconds:108.0
Script duration 305.0
Run total estimated duration= 306.000
script duration name:unknown400_120 seconds:540.0
script duration name:sniffair_x2 seconds:250.0
Script duration 790.0
Run total estimated duration= 791.000
script duration name:unknown120_60 seconds:197.0
script duration name:co2 seconds:0.0
Script duration 197.0
Run total estimated duration= 198.000
script duration name:unknown120_60 seconds:197.0
script duration name:co2 seconds:0.0
Script duration 197.0
Run total estimated duration= 198.000
script duration name:unknown120_60 seconds:197.0
script duration name:co2 seconds:0.0
Script duration 197.0
Run total estimated duration= 198.000
script duration name:unknown120_60 seconds:197.0
script duration name:co2 seconds:0.0
Script duration 197.0
Run total estimated duration= 198.000
script duration name:unknown120_60 seconds:197.0
script duration name:co2 seconds:0.0
Script duration 197.0
Run total estimated duration= 198.000
script duration name:unknown120_60 seconds:197.0
script duration name:co2 seconds:0.0
Script duration 197.0
Run total estimated duration= 198.000
script duration name:unknown400_120 seconds:540.0
script duration name:co2 seconds:0.0
Script duration 540.0
Run total estimated duration= 541.000
script duration name:unknown120_60 seconds:197.0
script duration name:co2 seconds:0.0
Script duration 197.0
Run total estimated duration= 198.000
script duration name:unknown120_60 seconds:197.0
script duration name:co2 seconds:0.0
Script duration 197.0
Run total estimated duration= 198.000
script duration name:unknown120_60 seconds:197.0
script duration name:co2 seconds:0.0
Script duration 197.0
Run total estimated duration= 198.000
script duration name:unknown120_60 seconds:197.0
script duration name:cocktail_x1 seconds:108.0
Script duration 305.0
Run total estimated duration= 306.000
script duration name:unknown400_120 seconds:540.0
script duration name:sniffair_x2 seconds:250.0
Script duration 790.0
Run total estimated duration= 791.000
script duration name:unknown120_60 seconds:197.0
script duration name:co2 seconds:0.0
Script duration 197.0
Run total estimated duration= 198.000
script duration name:unknown120_60 seconds:197.0
script duration name:co2 seconds:0.0
Script duration 197.0
Run total estimated duration= 198.000
script duration name:unknown120_60 seconds:197.0
script duration name:co2 seconds:0.0
Script duration 197.0
Run total estimated duration= 198.000
script duration name:unknown120_60 seconds:197.0
script duration name:co2 seconds:0.0
Script duration 197.0
Run total estimated duration= 198.000
script duration name:unknown120_60 seconds:197.0
script duration name:co2 seconds:0.0
Script duration 197.0
Run total estimated duration= 198.000
script duration name:unknown120_60 seconds:197.0
script duration name:co2 seconds:0.0
Script duration 197.0
Run total estimated duration= 198.000
script duration name:unknown120_60 seconds:197.0
script duration name:co2 seconds:0.0
Script duration 197.0
Run total estimated duration= 198.000
script duration name:unknown120_60 seconds:197.0
script duration name:co2 seconds:0.0
Script duration 197.0
Run total estimated duration= 198.000
script duration name:unknown120_60 seconds:197.0
script duration name:co2 seconds:0.0
Script duration 197.0
Run total estimated duration= 198.000
script duration name:unknown120_60 seconds:197.0
script duration name:co2 seconds:0.0
Script duration 197.0
Run total estimated duration= 198.000
script duration name:unknown120_60 seconds:197.0
script duration name:co2 seconds:0.0
Script duration 197.0
Run total estimated duration= 198.000
script duration name:unknown120_60 seconds:197.0
script duration name:co2 seconds:0.0
Script duration 197.0
Run total estimated duration= 198.000
script duration name:unknown400_120 seconds:540.0
script duration name:co2 seconds:0.0
Script duration 540.0
Run total estimated duration= 541.000
script duration name:unknown400_120 seconds:540.0
script duration name:cocktail_x1 seconds:108.0
Script duration 648.0
Run total estimated duration= 649.000
script duration name:unknown120_60 seconds:197.0
script duration name:cocktail_x1 seconds:108.0
Script duration 305.0
Run total estimated duration= 306.000
script duration name:unknown400_120 seconds:540.0
script duration name:sniffair_x2 seconds:250.0
Script duration 790.0
Run total estimated duration= 791.000
script duration name:unknown120_60 seconds:197.0
script duration name:co2 seconds:0.0
Script duration 197.0
Run total estimated duration= 198.000
script duration name:unknown120_60 seconds:197.0
script duration name:co2 seconds:0.0
Script duration 197.0
Run total estimated duration= 198.000
script duration name:unknown120_60 seconds:197.0
script duration name:co2 seconds:0.0
Script duration 197.0
Run total estimated duration= 198.000
script duration name:unknown120_60 seconds:197.0
script duration name:co2 seconds:0.0
Script duration 197.0
Run total estimated duration= 198.000
script duration name:unknown120_60 seconds:197.0
script duration name:co2 seconds:0.0
Script duration 197.0
Run total estimated duration= 198.000
script duration name:unknown120_60 seconds:197.0
script duration name:co2 seconds:0.0
Script duration 197.0
Run total estimated duration= 198.000
script duration name:unknown120_60 seconds:197.0
script duration name:co2 seconds:0.0
Script duration 197.0
Run total estimated duration= 198.000
script duration name:unknown120_60 seconds:197.0
script duration name:co2 seconds:0.0
Script duration 197.0
Run total estimated duration= 198.000
script duration name:unknown120_60 seconds:197.0
script duration name:co2 seconds:0.0
Script duration 197.0
Run total estimated duration= 198.000
script duration name:unknown120_60 seconds:197.0
script duration name:cocktail_x1 seconds:108.0
Script duration 305.0
Run total estimated duration= 306.000
script duration name:unknown400_120 seconds:540.0
script duration name:sniffair_x2 seconds:250.0
Script duration 790.0
Run total estimated duration= 791.000
script duration name:unknown120_60 seconds:197.0
script duration name:co2 seconds:0.0
Script duration 197.0
Run total estimated duration= 198.000
script duration name:unknown120_60 seconds:197.0
script duration name:co2 seconds:0.0
Script duration 197.0
Run total estimated duration= 198.000
script duration name:unknown120_60 seconds:197.0
script duration name:co2 seconds:0.0
Script duration 197.0
Run total estimated duration= 198.000
script duration name:unknown120_60 seconds:197.0
script duration name:co2 seconds:0.0
Script duration 197.0
Run total estimated duration= 198.000
script duration name:unknown120_60 seconds:197.0
script duration name:co2 seconds:0.0
Script duration 197.0
Run total estimated duration= 198.000
script duration name:unknown120_60 seconds:197.0
script duration name:co2 seconds:0.0
Script duration 197.0
Run total estimated duration= 198.000
script duration name:unknown400_120 seconds:540.0
script duration name:co2 seconds:0.0
Script duration 540.0
Run total estimated duration= 541.000
script duration name:unknown120_60 seconds:197.0
script duration name:co2 seconds:0.0
Script duration 197.0
Run total estimated duration= 198.000
script duration name:unknown120_60 seconds:197.0
script duration name:co2 seconds:0.0
Script duration 197.0
Run total estimated duration= 198.000
script duration name:unknown120_60 seconds:197.0
script duration name:co2 seconds:0.0
Script duration 197.0
Run total estimated duration= 198.000
script duration name:unknown120_60 seconds:197.0
script duration name:cocktail_x1 seconds:108.0
Script duration 305.0
Run total estimated duration= 306.000
script duration name:unknown400_120 seconds:540.0
script duration name:sniffair_x2 seconds:250.0
Script duration 790.0
Run total estimated duration= 791.000
script duration name:unknown120_60 seconds:197.0
script duration name:co2 seconds:0.0
Script duration 197.0
Run total estimated duration= 198.000
script duration name:unknown120_60 seconds:197.0
script duration name:co2 seconds:0.0
Script duration 197.0
Run total estimated duration= 198.000
script duration name:unknown120_60 seconds:197.0
script duration name:co2 seconds:0.0
Script duration 197.0
Run total estimated duration= 198.000
script duration name:unknown120_60 seconds:197.0
script duration name:co2 seconds:0.0
Script duration 197.0
Run total estimated duration= 198.000
script duration name:unknown120_60 seconds:197.0
script duration name:co2 seconds:0.0
Script duration 197.0
Run total estimated duration= 198.000
script duration name:unknown120_60 seconds:197.0
script duration name:co2 seconds:0.0
Script duration 197.0
Run total estimated duration= 198.000
script duration name:unknown400_120 seconds:540.0
script duration name:co2 seconds:0.0
Script duration 540.0
Run total estimated duration= 541.000
script duration name:unknown400_120 seconds:540.0
script duration name:cocktail_x1 seconds:108.0
Script duration 648.0
Run total estimated duration= 649.000
script duration name:unknown120_60 seconds:197.0
script duration name:cocktail_x1 seconds:108.0
Script duration 305.0
Run total estimated duration= 306.000
script duration name:unknown400_120 seconds:540.0
script duration name:sniffair_x2 seconds:250.0
Script duration 790.0
Run total estimated duration= 791.000
nruns=116 before=5.0, run_dur=34183.0, btw=2950.0
write rem/ex queues
/Users/jan/PychronDev/experiments/rem/CurrentExperiment.rem.txt
/Users/jan/PychronDev/experiments/rem/CurrentExperiment.ex.txt
doing event level: 3
add run
